{
  "0 debug pnpm:scope": {
    "selected": 1
  },
  "1 error pnpm": {
    "errno": 1,
    "code": "ELIFECYCLE",
    "pkgid": "vben-admin@2.8.0",
    "stage": "bootstrap",
    "script": "yarn install",
    "pkgname": "vben-admin",
    "err": {
      "name": "pnpm",
      "message": "vben-admin@2.8.0 bootstrap: `yarn install`\nExit status 1",
      "code": "ELIFECYCLE",
      "stack": "pnpm: vben-admin@2.8.0 bootstrap: `yarn install`\nExit status 1\n    at EventEmitter.<anonymous> (C:\\Users\\29571\\AppData\\Roaming\\npm\\node_modules\\pnpm\\dist\\pnpm.cjs:103317:20)\n    at EventEmitter.emit (events.js:400:28)\n    at ChildProcess.<anonymous> (C:\\Users\\29571\\AppData\\Roaming\\npm\\node_modules\\pnpm\\dist\\pnpm.cjs:91257:18)\n    at ChildProcess.emit (events.js:400:28)\n    at maybeClose (internal/child_process.js:1055:16)\n    at Process.ChildProcess._handle.onexit (internal/child_process.js:288:5)"
    }
  },
  "2 warn pnpm:global": " Local package.json exists, but node_modules missing, did you mean to install?"
}